<?xml version="1.0" encoding="UTF-8"?>
<!-- Generated by org.testng.reporters.JUnitXMLReporter -->
<testsuite ignored="0" hostname="DESKTOP-MP8OG4E" failures="0" tests="2" name="parameterExcercise" time="0.095" errors="0" timestamp="2021-01-15T15:58:39 EST">
  <testcase classname="testNg.parameterExercise" name="@BeforeClass setup" time="-1.610744319786E9">
    <failure type="org.testng.TestNGException" message="
Parameter &amp;apos;url&amp;apos; is required by BeforeClass on method setup but has not been marked @Optional or defined
in C:\Users\jahid_5psu063\eclipse-workspace\testNg\testng3.xml">
      <![CDATA[org.testng.TestNGException: 
Parameter 'url' is required by BeforeClass on method setup but has not been marked @Optional or defined
in C:\Users\jahid_5psu063\eclipse-workspace\testNg\testng3.xml
at java.base/java.util.ArrayList.forEach(ArrayList.java:1510)
... Removed 22 stack frames]]>
    </failure>
  </testcase> <!-- @BeforeClass setup -->
  <testcase classname="testNg.parameterExercise" name="@AfterClass tearDown" time="-1.610744319845E9">
    <skipped/>
  </testcase> <!-- @AfterClass tearDown -->
  <testcase classname="testNg.parameterExercise" name="testLogo" time="0.0">
    <skipped/>
  </testcase> <!-- testLogo -->
  <testcase classname="testNg.parameterExercise" name="testTitle" time="0.0">
    <skipped/>
  </testcase> <!-- testTitle -->
</testsuite> <!-- parameterExcercise -->
