<?xml version="1.0" encoding="UTF-8"?>
<!-- Generated by org.testng.reporters.JUnitXMLReporter -->
<testsuite ignored="0" hostname="DESKTOP-MP8OG4E" failures="0" tests="4" name="Test" time="14.754" errors="0" timestamp="2021-01-15T23:48:54 EST">
  <testcase classname="testNg.PerallelTest" name="testLogo" time="0.142"/>
  <testcase classname="testNg.PerallelTest" name="testTitle" time="0.016"/>
  <testcase classname="testNg.PerallelTest2" name="testLogo" time="0.113"/>
  <testcase classname="testNg.PerallelTest2" name="testTitle" time="0.014"/>
</testsuite> <!-- Test -->
